SF:lib\app\bloc\app_event.dart
DA:4,3
DA:6,2
DA:7,2
DA:13,2
DA:18,1
DA:19,2
LF:6
LH:6
end_of_record
SF:lib\app\bloc\app_state.dart
DA:3,17
DA:9,20
DA:14,4
DA:15,4
DA:17,21
DA:22,1
DA:23,3
LF:7
LH:7
end_of_record
SF:lib\app\bloc\app_bloc.dart
DA:13,2
DA:15,2
DA:16,4
DA:17,2
DA:20,10
DA:26,3
DA:29,1
DA:30,1
DA:31,3
DA:32,1
DA:33,2
DA:37,1
DA:38,2
DA:39,2
DA:43,2
DA:45,4
DA:46,2
LF:17
LH:17
end_of_record
SF:lib\app\bloc_observer.dart
DA:5,1
DA:7,1
DA:8,1
DA:11,1
DA:13,1
DA:14,1
DA:17,1
DA:19,1
DA:20,1
DA:23,1
DA:25,1
DA:26,1
LF:12
LH:12
end_of_record
SF:lib\app\routes\routes.dart
DA:6,2
DA:8,2
DA:9,4
DA:12,4
LF:4
LH:4
end_of_record
SF:lib\app\view\app.dart
DA:9,1
DA:13,1
DA:17,1
DA:19,1
DA:20,1
DA:21,1
DA:22,2
DA:23,1
DA:32,17
DA:34,1
DA:36,1
DA:37,1
DA:38,1
DA:39,4
LF:14
LH:14
end_of_record
SF:lib\theme.dart
DA:4,3
DA:5,1
DA:11,1
DA:12,1
DA:13,1
LF:5
LH:5
end_of_record
SF:lib\home\view\home_page.dart
DA:7,17
DA:9,2
DA:11,2
DA:13,4
DA:14,8
DA:15,2
DA:16,2
DA:18,2
DA:19,2
DA:22,4
DA:26,2
DA:28,2
DA:30,2
DA:31,4
DA:33,6
DA:35,6
LF:16
LH:16
end_of_record
SF:lib\home\widgets\avatar.dart
DA:6,6
DA:10,3
DA:12,3
DA:13,3
DA:15,1
LF:5
LH:5
end_of_record
SF:lib\login\cubit\login_state.dart
DA:4,21
DA:14,2
DA:15,8
DA:17,2
DA:22,2
DA:23,2
DA:24,2
DA:25,1
LF:8
LH:8
end_of_record
SF:lib\login\cubit\login_cubit.dart
DA:10,6
DA:14,1
DA:15,1
DA:16,3
DA:18,4
DA:22,1
DA:23,1
DA:24,3
DA:26,4
DA:30,1
DA:31,3
DA:32,3
DA:34,3
DA:35,3
DA:36,3
DA:38,3
DA:39,1
DA:40,3
DA:44,1
DA:45,3
DA:47,3
DA:48,3
DA:49,1
DA:50,3
DA:51,1
DA:52,3
LF:26
LH:26
end_of_record
SF:lib\login\view\login_form.dart
DA:9,17
DA:11,3
DA:13,3
DA:14,1
DA:15,2
DA:16,1
DA:17,1
DA:18,1
DA:23,3
DA:25,3
DA:26,3
DA:28,3
DA:29,3
DA:34,3
DA:36,3
DA:38,3
DA:40,3
DA:42,3
DA:52,3
DA:54,3
DA:55,4
DA:56,3
DA:57,3
DA:59,3
DA:61,3
DA:64,6
DA:73,3
DA:75,3
DA:76,4
DA:77,3
DA:78,3
DA:80,1
DA:81,2
DA:83,3
DA:86,6
DA:95,3
DA:97,3
DA:98,4
DA:99,3
DA:100,6
DA:102,3
DA:104,3
DA:105,3
DA:106,3
DA:110,6
DA:111,3
DA:121,3
DA:123,3
DA:124,3
DA:130,3
DA:131,3
DA:132,3
DA:134,3
DA:137,3
DA:143,3
DA:145,3
DA:146,3
DA:148,4
DA:149,3
DA:151,6
LF:60
LH:60
end_of_record
SF:lib\login\view\login_page.dart
DA:7,17
DA:9,3
DA:11,2
DA:13,2
DA:14,2
DA:15,2
DA:17,2
DA:18,6
LF:8
LH:8
end_of_record
SF:lib\sign_up\cubit\sign_up_cubit.dart
DA:10,6
DA:14,1
DA:15,1
DA:16,3
DA:18,2
DA:20,2
DA:21,2
DA:26,1
DA:27,1
DA:28,1
DA:29,1
DA:30,3
DA:32,3
DA:35,2
DA:36,2
DA:43,1
DA:44,1
DA:45,3
DA:48,3
DA:50,2
DA:51,2
DA:52,2
DA:58,1
DA:59,3
DA:60,3
DA:62,3
DA:63,3
DA:64,3
DA:66,3
DA:67,1
DA:68,3
LF:31
LH:31
end_of_record
SF:lib\sign_up\cubit\sign_up_state.dart
DA:3,16
DA:6,21
DA:18,2
DA:19,10
DA:21,2
DA:27,2
DA:28,2
DA:29,2
DA:30,2
DA:31,1
LF:10
LH:10
end_of_record
SF:lib\sign_up\view\sign_up_form.dart
DA:7,17
DA:9,3
DA:11,3
DA:12,1
DA:13,2
DA:14,2
DA:15,2
DA:16,1
DA:17,1
DA:18,1
DA:23,3
DA:25,3
DA:27,3
DA:28,3
DA:30,3
DA:32,3
DA:34,3
DA:43,3
DA:45,3
DA:46,4
DA:47,3
DA:48,3
DA:50,3
DA:52,3
DA:55,6
DA:64,3
DA:66,3
DA:67,4
DA:68,3
DA:69,3
DA:71,1
DA:72,2
DA:74,3
DA:77,6
DA:86,3
DA:88,3
DA:89,1
DA:90,3
DA:91,3
DA:92,3
DA:93,3
DA:95,1
DA:96,1
DA:97,1
DA:99,3
DA:102,6
DA:113,3
DA:115,3
DA:116,4
DA:117,3
DA:118,6
DA:120,3
DA:122,3
DA:123,3
DA:124,3
DA:128,6
DA:129,3
LF:57
LH:57
end_of_record
SF:lib\sign_up\view\sign_up_page.dart
DA:7,18
DA:9,2
DA:10,3
DA:13,2
DA:15,2
DA:16,2
DA:17,2
DA:19,2
DA:20,6
LF:9
LH:9
end_of_record
